manifest_merge_blame_file/debug/manifest-merger-blame-debug-report.txt
1<?xml version="1.0" encoding="utf-8"?>
2<manifest xmlns:android="http://schemas.android.com/apk/res/android"
3    xmlns:tools="http://schemas.android.com/tools"
4    package="com.qualcomm.ftcrobotcontroller"
5    android:versionCode="38"
6    android:versionName="6.0" >
7
8    <uses-sdk
9        android:minSdkVersion="23"
9-->src\main\AndroidManifest.xml
10        android:targetSdkVersion="28" />
10-->src\main\AndroidManifest.xml
11
12    <uses-permission android:name="android.permission.RECEIVE_BOOT_COMPLETED" />
12-->src\main\AndroidManifest.xml:8:3-79
12-->src\main\AndroidManifest.xml:8:20-76
13
14    <application
14-->src\main\AndroidManifest.xml:10:3-63:17
15        android:allowBackup="true"
15-->src\main\AndroidManifest.xml:11:5-31
16        android:extractNativeLibs="true"
16-->src\main\AndroidManifest.xml:13:5-37
17        android:icon="@drawable/ic_launcher"
17-->src\main\AndroidManifest.xml:14:5-41
18        android:label="@string/app_name"
18-->src\main\AndroidManifest.xml:15:5-37
19        android:largeHeap="true"
19-->src\main\AndroidManifest.xml:12:5-29
20        android:theme="@style/AppThemeRedRC" >
20-->src\main\AndroidManifest.xml:16:5-41
21
22        <!-- Indicates to the ControlHubUpdater what the latest version of the Control Hub is that this app supports -->
23        <meta-data
23-->src\main\AndroidManifest.xml:19:5-21:29
24            android:name="org.firstinspires.latestSupportedControlHubVersion"
24-->src\main\AndroidManifest.xml:20:9-74
25            android:value="1" />
25-->src\main\AndroidManifest.xml:21:9-26
26
27        <!-- The main robot controller activity -->
28        <activity
28-->src\main\AndroidManifest.xml:24:5-35:16
29            android:name="org.firstinspires.ftc.robotcontroller.internal.PermissionValidatorWrapper"
29-->src\main\AndroidManifest.xml:24:15-103
30            android:configChanges="orientation|screenSize"
30-->src\main\AndroidManifest.xml:26:15-61
31            android:label="@string/app_name"
31-->src\main\AndroidManifest.xml:27:15-47
32            android:launchMode="singleTask"
32-->src\main\AndroidManifest.xml:28:15-46
33            android:screenOrientation="fullUser" >
33-->src\main\AndroidManifest.xml:25:15-51
34            <intent-filter>
34-->src\main\AndroidManifest.xml:30:7-33:23
35                <category android:name="android.intent.category.LAUNCHER" />
35-->src\main\AndroidManifest.xml:31:9-69
35-->src\main\AndroidManifest.xml:31:19-66
36
37                <action android:name="android.intent.action.MAIN" />
37-->src\main\AndroidManifest.xml:32:9-61
37-->src\main\AndroidManifest.xml:32:17-58
38            </intent-filter>
39        </activity>
40        <activity
40-->src\main\AndroidManifest.xml:37:5-56:16
41            android:name="org.firstinspires.ftc.robotcontroller.internal.FtcRobotControllerActivity"
41-->src\main\AndroidManifest.xml:38:7-95
42            android:configChanges="orientation|screenSize"
42-->src\main\AndroidManifest.xml:40:7-53
43            android:label="@string/app_name"
43-->src\main\AndroidManifest.xml:41:7-39
44            android:launchMode="singleTask"
44-->src\main\AndroidManifest.xml:42:7-38
45            android:screenOrientation="fullUser" >
45-->src\main\AndroidManifest.xml:39:7-43
46            <intent-filter>
46-->src\main\AndroidManifest.xml:44:7-46:23
47                <action android:name="android.hardware.usb.action.USB_DEVICE_ATTACHED" />
47-->src\main\AndroidManifest.xml:45:9-82
47-->src\main\AndroidManifest.xml:45:17-79
48            </intent-filter>
49
50            <meta-data
50-->src\main\AndroidManifest.xml:48:7-50:49
51                android:name="android.hardware.usb.action.USB_DEVICE_ATTACHED"
51-->src\main\AndroidManifest.xml:49:9-71
52                android:resource="@xml/device_filter" />
52-->src\main\AndroidManifest.xml:50:9-46
53
54            <!-- org.firstinspires.main.entry indicates that this app is compatible with the Dragonboard Control Hub -->
55            <meta-data
55-->src\main\AndroidManifest.xml:53:7-55:34
56                android:name="org.firstinspires.main.entry"
56-->src\main\AndroidManifest.xml:54:11-54
57                android:value="true" />
57-->src\main\AndroidManifest.xml:55:11-31
58        </activity>
59
60        <!-- The robot controller service in which most of the robot functionality is managed -->
61        <service
61-->src\main\AndroidManifest.xml:59:5-61:32
62            android:name="com.qualcomm.ftccommon.FtcRobotControllerService"
62-->src\main\AndroidManifest.xml:60:7-70
63            android:enabled="true" />
63-->src\main\AndroidManifest.xml:61:7-29
64    </application>
65
66</manifest>